<?xml version="1.0" encoding="UTF-8"?>
<!-- Generated by org.testng.reporters.JUnitXMLReporter -->
<testsuite ignored="1" hostname="WELCOME-PC" failures="0" tests="2" name="HomeLoan" time="0.016" errors="0" timestamp="2025-07-03T15:50:16 IST">
  <testcase classname="testNGsample.Day2" name="apiLoginHomeLaon" time="0.001"/>
  <testcase classname="testNGsample.Day2" name="webLoginHomeLoan" time="0.001"/>
  <testcase classname="testNGsample.Day2" name="mobileLoginHomelaon" time="0.0">
    <ignored/>
  </testcase> <!-- mobileLoginHomelaon -->
</testsuite> <!-- HomeLoan -->
