<?xml version="1.0" encoding="UTF-8"?>
<!-- Generated by org.testng.reporters.JUnitXMLReporter -->
<testsuite ignored="1" hostname="WELCOME-PC" failures="0" tests="2" name="Home Loan" time="0.009" errors="0" timestamp="2025-07-03T16:46:41 IST">
  <testcase classname="testNGsample.Day2" name="apiLoginHomeLaon" time="0.002"/>
  <testcase classname="testNGsample.Day2" name="webLoginHomeLoan" time="0.002"/>
  <testcase classname="testNGsample.Day2" name="mobileLoginHomelaon" time="0.0">
    <ignored/>
  </testcase> <!-- mobileLoginHomelaon -->
</testsuite> <!-- Home Loan -->
