<?xml version="1.0" encoding="UTF-8"?>
<!-- Generated by org.testng.reporters.JUnitXMLReporter -->
<testsuite ignored="2" hostname="WELCOME-PC" failures="0" tests="4" name="Personal Loan" time="0.114" errors="0" timestamp="2025-07-03T16:46:41 IST">
  <testcase classname="testNGsample.Day1" name="webLoginCarLoan" time="0.009"/>
  <testcase classname="testNGsample.Day3" name="apiLoginCardLaon" time="0.002"/>
  <testcase classname="testNGsample.Day3" name="webLoginCardLoan" time="0.002"/>
  <testcase classname="testNGsample.Day3" name="mobileLoginCardlaon" time="0.001"/>
  <testcase classname="testNGsample.Day1" name="apiLoginCarLaon" time="0.0">
    <ignored/>
  </testcase> <!-- apiLoginCarLaon -->
  <testcase classname="testNGsample.Day1" name="mobileLoginCarlaon" time="0.0">
    <ignored/>
  </testcase> <!-- mobileLoginCarlaon -->
</testsuite> <!-- Personal Loan -->
