<?xml version="1.0" encoding="UTF-8"?>
<testng-results ignored="0" total="3" passed="3" failed="0" skipped="0">
  <reporter-output>
  </reporter-output>
  <suite started-at="2025-07-04T20:36:51 IST" name="Default suite" finished-at="2025-07-04T20:36:53 IST" duration-ms="2531">
    <groups>
    </groups>
    <test started-at="2025-07-04T20:36:51 IST" name="Default test" finished-at="2025-07-04T20:36:53 IST" duration-ms="2531">
      <class name="demo.DynamicJson">
        <test-method signature="addBook(java.lang.String,java.lang.String)[pri:0, instance:demo.DynamicJson@3a44431a]" started-at="2025-07-04T20:36:51 IST" name="addBook" data-provider="booksData" finished-at="2025-07-04T20:36:53 IST" duration-ms="2226" status="PASS">
          <params>
            <param index="0">
              <value>
                <![CDATA[adas]]>
              </value>
            </param>
            <param index="1">
              <value>
                <![CDATA[123]]>
              </value>
            </param>
          </params>
          <reporter-output>
          </reporter-output>
        </test-method> <!-- addBook -->
        <test-method signature="addBook(java.lang.String,java.lang.String)[pri:0, instance:demo.DynamicJson@3a44431a]" started-at="2025-07-04T20:36:53 IST" name="addBook" data-provider="booksData" finished-at="2025-07-04T20:36:53 IST" duration-ms="95" status="PASS">
          <params>
            <param index="0">
              <value>
                <![CDATA[sqs]]>
              </value>
            </param>
            <param index="1">
              <value>
                <![CDATA[3232]]>
              </value>
            </param>
          </params>
          <reporter-output>
          </reporter-output>
        </test-method> <!-- addBook -->
        <test-method signature="addBook(java.lang.String,java.lang.String)[pri:0, instance:demo.DynamicJson@3a44431a]" started-at="2025-07-04T20:36:53 IST" name="addBook" data-provider="booksData" finished-at="2025-07-04T20:36:53 IST" duration-ms="137" status="PASS">
          <params>
            <param index="0">
              <value>
                <![CDATA[ada]]>
              </value>
            </param>
            <param index="1">
              <value>
                <![CDATA[2324]]>
              </value>
            </param>
          </params>
          <reporter-output>
          </reporter-output>
        </test-method> <!-- addBook -->
      </class> <!-- demo.DynamicJson -->
    </test> <!-- Default test -->
  </suite> <!-- Default suite -->
</testng-results>
