<?xml version="1.0" encoding="UTF-8"?>
<!-- Generated by org.testng.reporters.JUnitXMLReporter -->
<testsuite ignored="0" hostname="WELCOME-PC" failures="2" tests="2" name="Default test" time="0.749" errors="0" timestamp="2025-07-04T02:35:46 IST">
  <testcase classname="io.cucumber.testng.AbstractTestNGCucumberTests" name="runScenario" time="0.295">
    <failure type="io.cucumber.testng.UndefinedStepException" message="The step &amp;apos;user is on GreenCart landing page&amp;apos; and 3 other step(s) are undefined.
You can implement these steps using the snippet(s) below:

@Given(&amp;quot;user is on GreenCart landing page&amp;quot;)
public void user_is_on_green_cart_landing_page() {
    // Write code here that turns the phrase above into concrete actions
    throw new io.cucumber.java.PendingException();
}
@When(&amp;quot;user searched with shortname Tom and found actual name of product&amp;quot;)
public void user_searched_with_shortname_tom_and_found_actual_name_of_product() {
    // Write code here that turns the phrase above into concrete actions
    throw new io.cucumber.java.PendingException();
}
@Then(&amp;quot;user searched with Tom shortname in offers page&amp;quot;)
public void user_searched_with_tom_shortname_in_offers_page() {
    // Write code here that turns the phrase above into concrete actions
    throw new io.cucumber.java.PendingException();
}
@Then(&amp;quot;validate product name if offes page matched with landing page&amp;quot;)
public void validate_product_name_if_offes_page_matched_with_landing_page() {
    // Write code here that turns the phrase above into concrete actions
    throw new io.cucumber.java.PendingException();
}
">
      <![CDATA[io.cucumber.testng.UndefinedStepException: The step 'user is on GreenCart landing page' and 3 other step(s) are undefined.
You can implement these steps using the snippet(s) below:

@Given("user is on GreenCart landing page")
public void user_is_on_green_cart_landing_page() {
    // Write code here that turns the phrase above into concrete actions
    throw new io.cucumber.java.PendingException();
}
@When("user searched with shortname Tom and found actual name of product")
public void user_searched_with_shortname_tom_and_found_actual_name_of_product() {
    // Write code here that turns the phrase above into concrete actions
    throw new io.cucumber.java.PendingException();
}
@Then("user searched with Tom shortname in offers page")
public void user_searched_with_tom_shortname_in_offers_page() {
    // Write code here that turns the phrase above into concrete actions
    throw new io.cucumber.java.PendingException();
}
@Then("validate product name if offes page matched with landing page")
public void validate_product_name_if_offes_page_matched_with_landing_page() {
    // Write code here that turns the phrase above into concrete actions
    throw new io.cucumber.java.PendingException();
}

at ✽.user is on GreenCart landing page(file:///F:/sid_TestNg_03_07_2025/RCHBDM/SampleCucumber/src/test/java/faetures/search.feature:5)
]]>
    </failure>
  </testcase> <!-- runScenario -->
  <testcase classname="io.cucumber.testng.AbstractTestNGCucumberTests" name="runScenario" time="0.012">
    <failure type="io.cucumber.testng.UndefinedStepException" message="The step &amp;apos;user is on GreenCart landing page&amp;apos; and 3 other step(s) are undefined.
You can implement these steps using the snippet(s) below:

@Given(&amp;quot;user is on GreenCart landing page&amp;quot;)
public void user_is_on_green_cart_landing_page() {
    // Write code here that turns the phrase above into concrete actions
    throw new io.cucumber.java.PendingException();
}
@When(&amp;quot;user searched with shortname Beet and found actual name of product&amp;quot;)
public void user_searched_with_shortname_beet_and_found_actual_name_of_product() {
    // Write code here that turns the phrase above into concrete actions
    throw new io.cucumber.java.PendingException();
}
@Then(&amp;quot;user searched with Beet shortname in offers page&amp;quot;)
public void user_searched_with_beet_shortname_in_offers_page() {
    // Write code here that turns the phrase above into concrete actions
    throw new io.cucumber.java.PendingException();
}
@Then(&amp;quot;validate product name if offes page matched with landing page&amp;quot;)
public void validate_product_name_if_offes_page_matched_with_landing_page() {
    // Write code here that turns the phrase above into concrete actions
    throw new io.cucumber.java.PendingException();
}
">
      <![CDATA[io.cucumber.testng.UndefinedStepException: The step 'user is on GreenCart landing page' and 3 other step(s) are undefined.
You can implement these steps using the snippet(s) below:

@Given("user is on GreenCart landing page")
public void user_is_on_green_cart_landing_page() {
    // Write code here that turns the phrase above into concrete actions
    throw new io.cucumber.java.PendingException();
}
@When("user searched with shortname Beet and found actual name of product")
public void user_searched_with_shortname_beet_and_found_actual_name_of_product() {
    // Write code here that turns the phrase above into concrete actions
    throw new io.cucumber.java.PendingException();
}
@Then("user searched with Beet shortname in offers page")
public void user_searched_with_beet_shortname_in_offers_page() {
    // Write code here that turns the phrase above into concrete actions
    throw new io.cucumber.java.PendingException();
}
@Then("validate product name if offes page matched with landing page")
public void validate_product_name_if_offes_page_matched_with_landing_page() {
    // Write code here that turns the phrase above into concrete actions
    throw new io.cucumber.java.PendingException();
}

at ✽.user is on GreenCart landing page(file:///F:/sid_TestNg_03_07_2025/RCHBDM/SampleCucumber/src/test/java/faetures/search.feature:5)
]]>
    </failure>
  </testcase> <!-- runScenario -->
</testsuite> <!-- Default test -->
