<?xml version="1.0" encoding="UTF-8"?>
<!-- Generated by org.testng.reporters.JUnitXMLReporter -->
<testsuite ignored="0" hostname="WELCOME-PC" failures="0" tests="5" name="Default test" time="7.571" errors="0" timestamp="2025-07-07T19:27:59 IST">
  <testcase classname="testcases.ProductDataDrivenTest" name="testAddnewProduct" time="3.001"/>
  <testcase classname="testcases.ProductDataDrivenTest" name="testAddnewProduct" time="1.698"/>
  <testcase classname="testcases.ProductDataDrivenTest" name="testAddnewProduct" time="0.634"/>
  <testcase classname="testcases.ProductDataDrivenTest" name="testAddnewProduct" time="0.619"/>
  <testcase classname="testcases.ProductDataDrivenTest" name="testAddnewProduct" time="0.766"/>
</testsuite> <!-- Default test -->
