<?xml version="1.0" encoding="UTF-8"?>
<!-- Generated by org.testng.reporters.JUnitXMLReporter -->
<testsuite ignored="0" hostname="WELCOME-PC" failures="0" tests="5" name="Default test" time="0.085" errors="0" timestamp="2025-07-03T23:04:52 IST">
  <testcase classname="testNGsample.Day5" name="demo1" time="0.01"/>
  <testcase classname="testNGsample.Day5" name="demo1" time="0.004"/>
  <testcase classname="testNGsample.Day5" name="demo1" time="0.001"/>
  <testcase classname="testNGsample.Day5" name="Api" time="0.001"/>
  <testcase classname="testNGsample.Day5" name="web" time="0.002"/>
</testsuite> <!-- Default test -->
