<?xml version="1.0" encoding="UTF-8"?>
<testng-results ignored="0" total="5" passed="5" failed="0" skipped="0">
  <reporter-output>
  </reporter-output>
  <suite started-at="2025-07-07T19:27:52 IST" name="Default suite" finished-at="2025-07-07T19:27:59 IST" duration-ms="7571">
    <groups>
    </groups>
    <test started-at="2025-07-07T19:27:52 IST" name="Default test" finished-at="2025-07-07T19:27:59 IST" duration-ms="7571">
      <class name="testcases.ProductDataDrivenTest">
        <test-method is-config="true" signature="setup()[pri:0, instance:testcases.ProductDataDrivenTest@58be6e8]" started-at="2025-07-07T19:27:52 IST" name="setup" finished-at="2025-07-07T19:27:52 IST" duration-ms="437" status="PASS">
          <reporter-output>
          </reporter-output>
        </test-method> <!-- setup -->
        <test-method signature="testAddnewProduct(java.util.Map)[pri:0, instance:testcases.ProductDataDrivenTest@58be6e8]" started-at="2025-07-07T19:27:52 IST" name="testAddnewProduct" data-provider="jsonDataProvider" finished-at="2025-07-07T19:27:55 IST" duration-ms="3001" status="PASS">
          <params>
            <param index="0">
              <value>
                <![CDATA[{title=Wireless Mouse, price=25.99, description=Ergonomic wireless mouse with adjustable DPI., image=https://i.pravatar.cc/100, category=electronic}]]>
              </value>
            </param>
          </params>
          <reporter-output>
          </reporter-output>
        </test-method> <!-- testAddnewProduct -->
        <test-method signature="testAddnewProduct(java.util.Map)[pri:0, instance:testcases.ProductDataDrivenTest@58be6e8]" started-at="2025-07-07T19:27:56 IST" name="testAddnewProduct" data-provider="jsonDataProvider" finished-at="2025-07-07T19:27:57 IST" duration-ms="1698" status="PASS">
          <params>
            <param index="0">
              <value>
                <![CDATA[{title=Gaming Keyboard, price=49.99, description=Mechanical gaming keyboard with RGB backlight., image=https://i.pravatar.cc/101, category=electronic}]]>
              </value>
            </param>
          </params>
          <reporter-output>
          </reporter-output>
        </test-method> <!-- testAddnewProduct -->
        <test-method signature="testAddnewProduct(java.util.Map)[pri:0, instance:testcases.ProductDataDrivenTest@58be6e8]" started-at="2025-07-07T19:27:57 IST" name="testAddnewProduct" data-provider="jsonDataProvider" finished-at="2025-07-07T19:27:58 IST" duration-ms="634" status="PASS">
          <params>
            <param index="0">
              <value>
                <![CDATA[{title=Bluetooth Headphones, price=79.99, description=Noise-canceling over-ear headphones with deep bass., image=https://i.pravatar.cc/102, category=electronics}]]>
              </value>
            </param>
          </params>
          <reporter-output>
          </reporter-output>
        </test-method> <!-- testAddnewProduct -->
        <test-method signature="testAddnewProduct(java.util.Map)[pri:0, instance:testcases.ProductDataDrivenTest@58be6e8]" started-at="2025-07-07T19:27:58 IST" name="testAddnewProduct" data-provider="jsonDataProvider" finished-at="2025-07-07T19:27:59 IST" duration-ms="619" status="PASS">
          <params>
            <param index="0">
              <value>
                <![CDATA[{title=Smart Watch, price=129.99, description=Fitness smartwatch with heart rate monitor and GPS., image=https://i.pravatar.cc/103, category=wearables}]]>
              </value>
            </param>
          </params>
          <reporter-output>
          </reporter-output>
        </test-method> <!-- testAddnewProduct -->
        <test-method signature="testAddnewProduct(java.util.Map)[pri:0, instance:testcases.ProductDataDrivenTest@58be6e8]" started-at="2025-07-07T19:27:59 IST" name="testAddnewProduct" data-provider="jsonDataProvider" finished-at="2025-07-07T19:27:59 IST" duration-ms="766" status="PASS">
          <params>
            <param index="0">
              <value>
                <![CDATA[{title=Portable Speaker, price=39.99, description=Waterproof Bluetooth speaker with 12-hour battery life., image=https://i.pravatar.cc/104, category=audio}]]>
              </value>
            </param>
          </params>
          <reporter-output>
          </reporter-output>
        </test-method> <!-- testAddnewProduct -->
      </class> <!-- testcases.ProductDataDrivenTest -->
    </test> <!-- Default test -->
  </suite> <!-- Default suite -->
</testng-results>
